This is pdfTeX, Version 3.141592653-2.6-1.40.26 (TeX Live 2024) (preloaded format=pdflatex 2024.10.16)  16 AUG 2025 16:01
entering extended mode
 restricted \write18 enabled.
 %&-line parsing enabled.
**probability.tex
(./probability.tex
LaTeX2e <2023-11-01> patch level 1
L3 programming layer <2024-02-20>
(/usr/local/texlive/2024/texmf-dist/tex/latex/base/book.cls
Document Class: book 2023/05/17 v1.4n Standard LaTeX document class
(/usr/local/texlive/2024/texmf-dist/tex/latex/base/bk10.clo
File: bk10.clo 2023/05/17 v1.4n Standard LaTeX file (size option)
)
\c@part=\count188
\c@chapter=\count189
\c@section=\count190
\c@subsection=\count191
\c@subsubsection=\count192
\c@paragraph=\count193
\c@subparagraph=\count194
\c@figure=\count195
\c@table=\count196
\abovecaptionskip=\skip48
\belowcaptionskip=\skip49
\bibindent=\dimen140
)
(/usr/local/texlive/2024/texmf-dist/tex/latex/base/makeidx.sty
Package: makeidx 2021/10/04 v1.0m Standard LaTeX package
)
(/usr/local/texlive/2024/texmf-dist/tex/latex/cite/cite.sty
LaTeX Info: Redefining \cite on input line 302.
LaTeX Info: Redefining \nocite on input line 332.
Package: cite 2015/02/27  v 5.5
)
(/usr/local/texlive/2024/texmf-dist/tex/latex/tools/indentfirst.sty
Package: indentfirst 2023/07/02 v1.03 Indent first paragraph (DPC)
)
(/usr/local/texlive/2024/texmf-dist/tex/latex/amsmath/amsmath.sty
Package: amsmath 2023/05/13 v2.17o AMS math features
\@mathmargin=\skip50

For additional information on amsmath, use the `?' option.
(/usr/local/texlive/2024/texmf-dist/tex/latex/amsmath/amstext.sty
Package: amstext 2021/08/26 v2.01 AMS text

(/usr/local/texlive/2024/texmf-dist/tex/latex/amsmath/amsgen.sty
File: amsgen.sty 1999/11/30 v2.0 generic functions
\@emptytoks=\toks17
\ex@=\dimen141
))
(/usr/local/texlive/2024/texmf-dist/tex/latex/amsmath/amsbsy.sty
Package: amsbsy 1999/11/29 v1.2d Bold Symbols
\pmbraise@=\dimen142
)
(/usr/local/texlive/2024/texmf-dist/tex/latex/amsmath/amsopn.sty
Package: amsopn 2022/04/08 v2.04 operator names
)
\inf@bad=\count197
LaTeX Info: Redefining \frac on input line 234.
\uproot@=\count198
\leftroot@=\count199
LaTeX Info: Redefining \overline on input line 399.
LaTeX Info: Redefining \colon on input line 410.
\classnum@=\count266
\DOTSCASE@=\count267
LaTeX Info: Redefining \ldots on input line 496.
LaTeX Info: Redefining \dots on input line 499.
LaTeX Info: Redefining \cdots on input line 620.
\Mathstrutbox@=\box51
\strutbox@=\box52
LaTeX Info: Redefining \big on input line 722.
LaTeX Info: Redefining \Big on input line 723.
LaTeX Info: Redefining \bigg on input line 724.
LaTeX Info: Redefining \Bigg on input line 725.
\big@size=\dimen143
LaTeX Font Info:    Redeclaring font encoding OML on input line 743.
LaTeX Font Info:    Redeclaring font encoding OMS on input line 744.
\macc@depth=\count268
LaTeX Info: Redefining \bmod on input line 905.
LaTeX Info: Redefining \pmod on input line 910.
LaTeX Info: Redefining \smash on input line 940.
LaTeX Info: Redefining \relbar on input line 970.
LaTeX Info: Redefining \Relbar on input line 971.
\c@MaxMatrixCols=\count269
\dotsspace@=\muskip16
\c@parentequation=\count270
\dspbrk@lvl=\count271
\tag@help=\toks18
\row@=\count272
\column@=\count273
\maxfields@=\count274
\andhelp@=\toks19
\eqnshift@=\dimen144
\alignsep@=\dimen145
\tagshift@=\dimen146
\tagwidth@=\dimen147
\totwidth@=\dimen148
\lineht@=\dimen149
\@envbody=\toks20
\multlinegap=\skip51
\multlinetaggap=\skip52
\mathdisplay@stack=\toks21
LaTeX Info: Redefining \[ on input line 2953.
LaTeX Info: Redefining \] on input line 2954.
)
(/usr/local/texlive/2024/texmf-dist/tex/latex/amsfonts/amssymb.sty
Package: amssymb 2013/01/14 v3.01 AMS font symbols

(/usr/local/texlive/2024/texmf-dist/tex/latex/amsfonts/amsfonts.sty
Package: amsfonts 2013/01/14 v3.01 Basic AMSFonts support
\symAMSa=\mathgroup4
\symAMSb=\mathgroup5
LaTeX Font Info:    Redeclaring math symbol \hbar on input line 98.
LaTeX Font Info:    Overwriting math alphabet `\mathfrak' in version `bold'
(Font)                  U/euf/m/n --> U/euf/b/n on input line 106.
))
(/usr/local/texlive/2024/texmf-dist/tex/latex/graphics/graphicx.sty
Package: graphicx 2021/09/16 v1.2d Enhanced LaTeX Graphics (DPC,SPQR)

(/usr/local/texlive/2024/texmf-dist/tex/latex/graphics/keyval.sty
Package: keyval 2022/05/29 v1.15 key=value parser (DPC)
\KV@toks@=\toks22
)
(/usr/local/texlive/2024/texmf-dist/tex/latex/graphics/graphics.sty
Package: graphics 2022/03/10 v1.4e Standard LaTeX Graphics (DPC,SPQR)

(/usr/local/texlive/2024/texmf-dist/tex/latex/graphics/trig.sty
Package: trig 2021/08/11 v1.11 sin cos tan (DPC)
)
(/usr/local/texlive/2024/texmf-dist/tex/latex/graphics-cfg/graphics.cfg
File: graphics.cfg 2016/06/04 v1.11 sample graphics configuration
)
Package graphics Info: Driver file: pdftex.def on input line 107.

(/usr/local/texlive/2024/texmf-dist/tex/latex/graphics-def/pdftex.def
File: pdftex.def 2022/09/22 v1.2b Graphics/color driver for pdftex
))
\Gin@req@height=\dimen150
\Gin@req@width=\dimen151
)
(/usr/local/texlive/2024/texmf-dist/tex/latex/fancyhdr/fancyhdr.sty
Package: fancyhdr 2022/11/09 v4.1 Extensive control of page headers and footers

\f@nch@headwidth=\skip53
\f@nch@O@elh=\skip54
\f@nch@O@erh=\skip55
\f@nch@O@olh=\skip56
\f@nch@O@orh=\skip57
\f@nch@O@elf=\skip58
\f@nch@O@erf=\skip59
\f@nch@O@olf=\skip60
\f@nch@O@orf=\skip61
)
(/usr/local/texlive/2024/texmf-dist/tex/latex/enumitem/enumitem.sty
Package: enumitem 2019/06/20 v3.9 Customized lists
\labelindent=\skip62
\enit@outerparindent=\dimen152
\enit@toks=\toks23
\enit@inbox=\box53
\enit@count@id=\count275
\enitdp@description=\count276
)
(/usr/local/texlive/2024/texmf-dist/tex/latex/epigraph/epigraph.sty
Package: epigraph 2020/01/02 v1.5e typesetting epigraphs

(/usr/local/texlive/2024/texmf-dist/tex/latex/nextpage/nextpage.sty
Package: nextpage 2009/09/03 v1.1a additional page commands
)
\beforeepigraphskip=\skip63
\afterepigraphskip=\skip64
\epigraphwidth=\skip65
\epigraphrule=\skip66
)
(/usr/local/texlive/2024/texmf-dist/tex/generic/babel/babel.sty
Package: babel 2024/02/07 v24.2 The Babel package
\babel@savecnt=\count277
\U@D=\dimen153
\l@unhyphenated=\language89

(/usr/local/texlive/2024/texmf-dist/tex/generic/babel/txtbabel.def)
\bbl@readstream=\read2
\bbl@dirlevel=\count278

(/usr/local/texlive/2024/texmf-dist/tex/generic/babel-english/english.ldf
Language: english 2017/06/06 v3.3r English support from the babel system
Package babel Info: Hyphen rules for 'canadian' set to \l@english
(babel)             (\language0). Reported on input line 102.
Package babel Info: Hyphen rules for 'australian' set to \l@ukenglish
(babel)             (\language23). Reported on input line 105.
Package babel Info: Hyphen rules for 'newzealand' set to \l@ukenglish
(babel)             (\language23). Reported on input line 108.
)
(/usr/local/texlive/2024/texmf-dist/tex/generic/babel-greek/greek.ldf
Language: greek 2023/10/13 1.15 Greek support for the babel system
\bbl@monogreek=\count279
\bbl@polygreek=\count280
\bbl@ancientgreek=\count281

(/usr/local/texlive/2024/texmf-dist/tex/latex/greek-fontenc/lgrenc.def
File: lgrenc.def 2023-09-12 2.5 LGR Greek font encoding definitions
Now handling font encoding LGR ...
... processing UTF-8 mapping file for font encoding LGR

(/usr/local/texlive/2024/texmf-dist/tex/latex/greek-inputenc/lgrenc.dfu
File: lgrenc.dfu 2023-03-21 1.9 UTF-8 support for Greek
   defining Unicode char U+00A8 (decimal 168)
   defining Unicode char U+00AB (decimal 171)
   defining Unicode char U+00AF (decimal 175)
   defining Unicode char U+00B4 (decimal 180)
   defining Unicode char U+00B7 (decimal 183)
   defining Unicode char U+00BB (decimal 187)
   defining Unicode char U+0259 (decimal 601)
   defining Unicode char U+02D8 (decimal 728)
   defining Unicode char U+0374 (decimal 884)
   defining Unicode char U+0375 (decimal 885)
   defining Unicode char U+037A (decimal 890)
   defining Unicode char U+037E (decimal 894)
   defining Unicode char U+0384 (decimal 900)
   defining Unicode char U+0385 (decimal 901)
   defining Unicode char U+0386 (decimal 902)
   defining Unicode char U+0387 (decimal 903)
   defining Unicode char U+0388 (decimal 904)
   defining Unicode char U+0389 (decimal 905)
   defining Unicode char U+038A (decimal 906)
   defining Unicode char U+038C (decimal 908)
   defining Unicode char U+038E (decimal 910)
   defining Unicode char U+038F (decimal 911)
   defining Unicode char U+0390 (decimal 912)
   defining Unicode char U+0391 (decimal 913)
   defining Unicode char U+0392 (decimal 914)
   defining Unicode char U+0393 (decimal 915)
   defining Unicode char U+0394 (decimal 916)
   defining Unicode char U+0395 (decimal 917)
   defining Unicode char U+0396 (decimal 918)
   defining Unicode char U+0397 (decimal 919)
   defining Unicode char U+0398 (decimal 920)
   defining Unicode char U+0399 (decimal 921)
   defining Unicode char U+039A (decimal 922)
   defining Unicode char U+039B (decimal 923)
   defining Unicode char U+039C (decimal 924)
   defining Unicode char U+039D (decimal 925)
   defining Unicode char U+039E (decimal 926)
   defining Unicode char U+039F (decimal 927)
   defining Unicode char U+03A0 (decimal 928)
   defining Unicode char U+03A1 (decimal 929)
   defining Unicode char U+03A3 (decimal 931)
   defining Unicode char U+03A4 (decimal 932)
   defining Unicode char U+03A5 (decimal 933)
   defining Unicode char U+03A6 (decimal 934)
   defining Unicode char U+03A7 (decimal 935)
   defining Unicode char U+03A8 (decimal 936)
   defining Unicode char U+03A9 (decimal 937)
   defining Unicode char U+03AA (decimal 938)
   defining Unicode char U+03AB (decimal 939)
   defining Unicode char U+03AC (decimal 940)
   defining Unicode char U+03AD (decimal 941)
   defining Unicode char U+03AE (decimal 942)
   defining Unicode char U+03AF (decimal 943)
   defining Unicode char U+03B0 (decimal 944)
   defining Unicode char U+03B1 (decimal 945)
   defining Unicode char U+03B2 (decimal 946)
   defining Unicode char U+03B3 (decimal 947)
   defining Unicode char U+03B4 (decimal 948)
   defining Unicode char U+03B5 (decimal 949)
   defining Unicode char U+03B6 (decimal 950)
   defining Unicode char U+03B7 (decimal 951)
   defining Unicode char U+03B8 (decimal 952)
   defining Unicode char U+03B9 (decimal 953)
   defining Unicode char U+03BA (decimal 954)
   defining Unicode char U+03BB (decimal 955)
   defining Unicode char U+03BC (decimal 956)
   defining Unicode char U+03BD (decimal 957)
   defining Unicode char U+03BE (decimal 958)
   defining Unicode char U+03BF (decimal 959)
   defining Unicode char U+03C0 (decimal 960)
   defining Unicode char U+03C1 (decimal 961)
   defining Unicode char U+03C2 (decimal 962)
   defining Unicode char U+03C3 (decimal 963)
   defining Unicode char U+03C4 (decimal 964)
   defining Unicode char U+03C5 (decimal 965)
   defining Unicode char U+03C6 (decimal 966)
   defining Unicode char U+03C7 (decimal 967)
   defining Unicode char U+03C8 (decimal 968)
   defining Unicode char U+03C9 (decimal 969)
   defining Unicode char U+03CA (decimal 970)
   defining Unicode char U+03CB (decimal 971)
   defining Unicode char U+03CC (decimal 972)
   defining Unicode char U+03CD (decimal 973)
   defining Unicode char U+03CE (decimal 974)
   defining Unicode char U+03D0 (decimal 976)
   defining Unicode char U+03D1 (decimal 977)
   defining Unicode char U+03D5 (decimal 981)
   defining Unicode char U+03D6 (decimal 982)
   defining Unicode char U+03D8 (decimal 984)
   defining Unicode char U+03D9 (decimal 985)
   defining Unicode char U+03DA (decimal 986)
   defining Unicode char U+03DB (decimal 987)
   defining Unicode char U+03DC (decimal 988)
   defining Unicode char U+03DD (decimal 989)
   defining Unicode char U+03DE (decimal 990)
   defining Unicode char U+03DF (decimal 991)
   defining Unicode char U+03E0 (decimal 992)
   defining Unicode char U+03E1 (decimal 993)
   defining Unicode char U+03F0 (decimal 1008)
   defining Unicode char U+03F1 (decimal 1009)
   defining Unicode char U+03F4 (decimal 1012)
   defining Unicode char U+03F5 (decimal 1013)
   defining Unicode char U+1F00 (decimal 7936)
   defining Unicode char U+1F01 (decimal 7937)
   defining Unicode char U+1F02 (decimal 7938)
   defining Unicode char U+1F03 (decimal 7939)
   defining Unicode char U+1F04 (decimal 7940)
   defining Unicode char U+1F05 (decimal 7941)
   defining Unicode char U+1F06 (decimal 7942)
   defining Unicode char U+1F07 (decimal 7943)
   defining Unicode char U+1F08 (decimal 7944)
   defining Unicode char U+1F09 (decimal 7945)
   defining Unicode char U+1F0A (decimal 7946)
   defining Unicode char U+1F0B (decimal 7947)
   defining Unicode char U+1F0C (decimal 7948)
   defining Unicode char U+1F0D (decimal 7949)
   defining Unicode char U+1F0E (decimal 7950)
   defining Unicode char U+1F0F (decimal 7951)
   defining Unicode char U+1F10 (decimal 7952)
   defining Unicode char U+1F11 (decimal 7953)
   defining Unicode char U+1F12 (decimal 7954)
   defining Unicode char U+1F13 (decimal 7955)
   defining Unicode char U+1F14 (decimal 7956)
   defining Unicode char U+1F15 (decimal 7957)
   defining Unicode char U+1F18 (decimal 7960)
   defining Unicode char U+1F19 (decimal 7961)
   defining Unicode char U+1F1A (decimal 7962)
   defining Unicode char U+1F1B (decimal 7963)
   defining Unicode char U+1F1C (decimal 7964)
   defining Unicode char U+1F1D (decimal 7965)
   defining Unicode char U+1F20 (decimal 7968)
   defining Unicode char U+1F21 (decimal 7969)
   defining Unicode char U+1F22 (decimal 7970)
   defining Unicode char U+1F23 (decimal 7971)
   defining Unicode char U+1F24 (decimal 7972)
   defining Unicode char U+1F25 (decimal 7973)
   defining Unicode char U+1F26 (decimal 7974)
   defining Unicode char U+1F27 (decimal 7975)
   defining Unicode char U+1F28 (decimal 7976)
   defining Unicode char U+1F29 (decimal 7977)
   defining Unicode char U+1F2A (decimal 7978)
   defining Unicode char U+1F2B (decimal 7979)
   defining Unicode char U+1F2C (decimal 7980)
   defining Unicode char U+1F2D (decimal 7981)
   defining Unicode char U+1F2E (decimal 7982)
   defining Unicode char U+1F2F (decimal 7983)
   defining Unicode char U+1F30 (decimal 7984)
   defining Unicode char U+1F31 (decimal 7985)
   defining Unicode char U+1F32 (decimal 7986)
   defining Unicode char U+1F33 (decimal 7987)
   defining Unicode char U+1F34 (decimal 7988)
   defining Unicode char U+1F35 (decimal 7989)
   defining Unicode char U+1F36 (decimal 7990)
   defining Unicode char U+1F37 (decimal 7991)
   defining Unicode char U+1F38 (decimal 7992)
   defining Unicode char U+1F39 (decimal 7993)
   defining Unicode char U+1F3A (decimal 7994)
   defining Unicode char U+1F3B (decimal 7995)
   defining Unicode char U+1F3C (decimal 7996)
   defining Unicode char U+1F3D (decimal 7997)
   defining Unicode char U+1F3E (decimal 7998)
   defining Unicode char U+1F3F (decimal 7999)
   defining Unicode char U+1F40 (decimal 8000)
   defining Unicode char U+1F41 (decimal 8001)
   defining Unicode char U+1F42 (decimal 8002)
   defining Unicode char U+1F43 (decimal 8003)
   defining Unicode char U+1F44 (decimal 8004)
   defining Unicode char U+1F45 (decimal 8005)
   defining Unicode char U+1F48 (decimal 8008)
   defining Unicode char U+1F49 (decimal 8009)
   defining Unicode char U+1F4A (decimal 8010)
   defining Unicode char U+1F4B (decimal 8011)
   defining Unicode char U+1F4C (decimal 8012)
   defining Unicode char U+1F4D (decimal 8013)
   defining Unicode char U+1F50 (decimal 8016)
   defining Unicode char U+1F51 (decimal 8017)
   defining Unicode char U+1F52 (decimal 8018)
   defining Unicode char U+1F53 (decimal 8019)
   defining Unicode char U+1F54 (decimal 8020)
   defining Unicode char U+1F55 (decimal 8021)
   defining Unicode char U+1F56 (decimal 8022)
   defining Unicode char U+1F57 (decimal 8023)
   defining Unicode char U+1F59 (decimal 8025)
   defining Unicode char U+1F5B (decimal 8027)
   defining Unicode char U+1F5D (decimal 8029)
   defining Unicode char U+1F5F (decimal 8031)
   defining Unicode char U+1F60 (decimal 8032)
   defining Unicode char U+1F61 (decimal 8033)
   defining Unicode char U+1F62 (decimal 8034)
   defining Unicode char U+1F63 (decimal 8035)
   defining Unicode char U+1F64 (decimal 8036)
   defining Unicode char U+1F65 (decimal 8037)
   defining Unicode char U+1F66 (decimal 8038)
   defining Unicode char U+1F67 (decimal 8039)
   defining Unicode char U+1F68 (decimal 8040)
   defining Unicode char U+1F69 (decimal 8041)
   defining Unicode char U+1F6A (decimal 8042)
   defining Unicode char U+1F6B (decimal 8043)
   defining Unicode char U+1F6C (decimal 8044)
   defining Unicode char U+1F6D (decimal 8045)
   defining Unicode char U+1F6E (decimal 8046)
   defining Unicode char U+1F6F (decimal 8047)
   defining Unicode char U+1F70 (decimal 8048)
   defining Unicode char U+1F71 (decimal 8049)
   defining Unicode char U+1F72 (decimal 8050)
   defining Unicode char U+1F73 (decimal 8051)
   defining Unicode char U+1F74 (decimal 8052)
   defining Unicode char U+1F75 (decimal 8053)
   defining Unicode char U+1F76 (decimal 8054)
   defining Unicode char U+1F77 (decimal 8055)
   defining Unicode char U+1F78 (decimal 8056)
   defining Unicode char U+1F79 (decimal 8057)
   defining Unicode char U+1F7A (decimal 8058)
   defining Unicode char U+1F7B (decimal 8059)
   defining Unicode char U+1F7C (decimal 8060)
   defining Unicode char U+1F7D (decimal 8061)
   defining Unicode char U+1F80 (decimal 8064)
   defining Unicode char U+1F81 (decimal 8065)
   defining Unicode char U+1F82 (decimal 8066)
   defining Unicode char U+1F83 (decimal 8067)
   defining Unicode char U+1F84 (decimal 8068)
   defining Unicode char U+1F85 (decimal 8069)
   defining Unicode char U+1F86 (decimal 8070)
   defining Unicode char U+1F87 (decimal 8071)
   defining Unicode char U+1F88 (decimal 8072)
   defining Unicode char U+1F89 (decimal 8073)
   defining Unicode char U+1F8A (decimal 8074)
   defining Unicode char U+1F8B (decimal 8075)
   defining Unicode char U+1F8C (decimal 8076)
   defining Unicode char U+1F8D (decimal 8077)
   defining Unicode char U+1F8E (decimal 8078)
   defining Unicode char U+1F8F (decimal 8079)
   defining Unicode char U+1F90 (decimal 8080)
   defining Unicode char U+1F91 (decimal 8081)
   defining Unicode char U+1F92 (decimal 8082)
   defining Unicode char U+1F93 (decimal 8083)
   defining Unicode char U+1F94 (decimal 8084)
   defining Unicode char U+1F95 (decimal 8085)
   defining Unicode char U+1F96 (decimal 8086)
   defining Unicode char U+1F97 (decimal 8087)
   defining Unicode char U+1F98 (decimal 8088)
   defining Unicode char U+1F99 (decimal 8089)
   defining Unicode char U+1F9A (decimal 8090)
   defining Unicode char U+1F9B (decimal 8091)
   defining Unicode char U+1F9C (decimal 8092)
   defining Unicode char U+1F9D (decimal 8093)
   defining Unicode char U+1F9E (decimal 8094)
   defining Unicode char U+1F9F (decimal 8095)
   defining Unicode char U+1FA0 (decimal 8096)
   defining Unicode char U+1FA1 (decimal 8097)
   defining Unicode char U+1FA2 (decimal 8098)
   defining Unicode char U+1FA3 (decimal 8099)
   defining Unicode char U+1FA4 (decimal 8100)
   defining Unicode char U+1FA5 (decimal 8101)
   defining Unicode char U+1FA6 (decimal 8102)
   defining Unicode char U+1FA7 (decimal 8103)
   defining Unicode char U+1FA8 (decimal 8104)
   defining Unicode char U+1FA9 (decimal 8105)
   defining Unicode char U+1FAA (decimal 8106)
   defining Unicode char U+1FAB (decimal 8107)
   defining Unicode char U+1FAC (decimal 8108)
   defining Unicode char U+1FAD (decimal 8109)
   defining Unicode char U+1FAE (decimal 8110)
   defining Unicode char U+1FAF (decimal 8111)
   defining Unicode char U+1FB0 (decimal 8112)
   defining Unicode char U+1FB1 (decimal 8113)
   defining Unicode char U+1FB2 (decimal 8114)
   defining Unicode char U+1FB3 (decimal 8115)
   defining Unicode char U+1FB4 (decimal 8116)
   defining Unicode char U+1FB6 (decimal 8118)
   defining Unicode char U+1FB7 (decimal 8119)
   defining Unicode char U+1FB8 (decimal 8120)
   defining Unicode char U+1FB9 (decimal 8121)
   defining Unicode char U+1FBA (decimal 8122)
   defining Unicode char U+1FBB (decimal 8123)
   defining Unicode char U+1FBC (decimal 8124)
   defining Unicode char U+1FBD (decimal 8125)
   defining Unicode char U+1FBE (decimal 8126)
   defining Unicode char U+1FBF (decimal 8127)
   defining Unicode char U+1FC0 (decimal 8128)
   defining Unicode char U+1FC1 (decimal 8129)
   defining Unicode char U+1FC2 (decimal 8130)
   defining Unicode char U+1FC3 (decimal 8131)
   defining Unicode char U+1FC4 (decimal 8132)
   defining Unicode char U+1FC6 (decimal 8134)
   defining Unicode char U+1FC7 (decimal 8135)
   defining Unicode char U+1FC8 (decimal 8136)
   defining Unicode char U+1FC9 (decimal 8137)
   defining Unicode char U+1FCA (decimal 8138)
   defining Unicode char U+1FCB (decimal 8139)
   defining Unicode char U+1FCC (decimal 8140)
   defining Unicode char U+1FCD (decimal 8141)
   defining Unicode char U+1FCE (decimal 8142)
   defining Unicode char U+1FCF (decimal 8143)
   defining Unicode char U+1FD0 (decimal 8144)
   defining Unicode char U+1FD1 (decimal 8145)
   defining Unicode char U+1FD2 (decimal 8146)
   defining Unicode char U+1FD3 (decimal 8147)
   defining Unicode char U+1FD6 (decimal 8150)
   defining Unicode char U+1FD7 (decimal 8151)
   defining Unicode char U+1FD8 (decimal 8152)
   defining Unicode char U+1FD9 (decimal 8153)
   defining Unicode char U+1FDA (decimal 8154)
   defining Unicode char U+1FDB (decimal 8155)
   defining Unicode char U+1FDD (decimal 8157)
   defining Unicode char U+1FDE (decimal 8158)
   defining Unicode char U+1FDF (decimal 8159)
   defining Unicode char U+1FE0 (decimal 8160)
   defining Unicode char U+1FE1 (decimal 8161)
   defining Unicode char U+1FE2 (decimal 8162)
   defining Unicode char U+1FE3 (decimal 8163)
   defining Unicode char U+1FE4 (decimal 8164)
   defining Unicode char U+1FE5 (decimal 8165)
   defining Unicode char U+1FE6 (decimal 8166)
   defining Unicode char U+1FE7 (decimal 8167)
   defining Unicode char U+1FE8 (decimal 8168)
   defining Unicode char U+1FE9 (decimal 8169)
   defining Unicode char U+1FEA (decimal 8170)
   defining Unicode char U+1FEB (decimal 8171)
   defining Unicode char U+1FEC (decimal 8172)
   defining Unicode char U+1FED (decimal 8173)
   defining Unicode char U+1FEE (decimal 8174)
   defining Unicode char U+1FEF (decimal 8175)
   defining Unicode char U+1FF2 (decimal 8178)
   defining Unicode char U+1FF3 (decimal 8179)
   defining Unicode char U+1FF4 (decimal 8180)
   defining Unicode char U+1FF6 (decimal 8182)
   defining Unicode char U+1FF7 (decimal 8183)
   defining Unicode char U+1FF8 (decimal 8184)
   defining Unicode char U+1FF9 (decimal 8185)
   defining Unicode char U+1FFA (decimal 8186)
   defining Unicode char U+1FFB (decimal 8187)
   defining Unicode char U+1FFC (decimal 8188)
   defining Unicode char U+1FFD (decimal 8189)
   defining Unicode char U+1FFE (decimal 8190)
   defining Unicode char U+2013 (decimal 8211)
   defining Unicode char U+2014 (decimal 8212)
   defining Unicode char U+2018 (decimal 8216)
   defining Unicode char U+2019 (decimal 8217)
   defining Unicode char U+201A (decimal 8218)
   defining Unicode char U+2030 (decimal 8240)
   defining Unicode char U+2039 (decimal 8249)
   defining Unicode char U+203A (decimal 8250)
   defining Unicode char U+20AC (decimal 8364)
   defining Unicode char U+2126 (decimal 8486)
   defining Unicode char U+10144 (decimal 65860)
   defining Unicode char U+10145 (decimal 65861)
   defining Unicode char U+10146 (decimal 65862)
   defining Unicode char U+10147 (decimal 65863)
)
(/usr/local/texlive/2024/texmf-dist/tex/latex/greek-fontenc/greek-fontenc.def
File: greek-fontenc.def 2023-09-12 2.5 Common Greek font encoding definitions
))))
(/usr/local/texlive/2024/texmf-dist/tex/generic/babel/locale/el/babel-greek.tex
Package babel Info: Importing font and identification data for greek
(babel)             from babel-el.ini. Reported on input line 11.
)
(/usr/local/texlive/2024/texmf-dist/tex/generic/babel/locale/en/babel-english.t
ex
Package babel Info: Importing font and identification data for english
(babel)             from babel-en.ini. Reported on input line 11.
) (/usr/local/texlive/2024/texmf-dist/tex/latex/geometry/geometry.sty
Package: geometry 2020/01/02 v5.9 Page Geometry

(/usr/local/texlive/2024/texmf-dist/tex/generic/iftex/ifvtex.sty
Package: ifvtex 2019/10/25 v1.7 ifvtex legacy package. Use iftex instead.

(/usr/local/texlive/2024/texmf-dist/tex/generic/iftex/iftex.sty
Package: iftex 2022/02/03 v1.0f TeX engine tests
))
\Gm@cnth=\count282
\Gm@cntv=\count283
\c@Gm@tempcnt=\count284
\Gm@bindingoffset=\dimen154
\Gm@wd@mp=\dimen155
\Gm@odd@mp=\dimen156
\Gm@even@mp=\dimen157
\Gm@layoutwidth=\dimen158
\Gm@layoutheight=\dimen159
\Gm@layouthoffset=\dimen160
\Gm@layoutvoffset=\dimen161
\Gm@dimlist=\toks24
)
(/usr/local/texlive/2024/texmf-dist/tex/latex/appendix/appendix.sty
Package: appendix 2020/02/08 v1.2c extra appendix facilities
\c@@pps=\count285
\c@@ppsavesec=\count286
\c@@ppsaveapp=\count287
)
(/usr/local/texlive/2024/texmf-dist/tex/latex/l3backend/l3backend-pdftex.def
File: l3backend-pdftex.def 2024-02-20 L3 backend support: PDF output (pdfTeX)
\l__color_backend_stack_int=\count288
\l__pdf_internal_box=\box54
)
(./probability.aux
LaTeX Font Info:    Trying to load font information for LGR+cmr on input line 4
.

(/usr/local/texlive/2024/texmf-dist/tex/latex/cbfonts-fd/lgrcmr.fd
File: lgrcmr.fd 2017/07/29 v1.2 Greek European Computer Regular
)

LaTeX Warning: Label `fig:histogram1' multiply defined.


LaTeX Warning: Label `fig:histogram1' multiply defined.


LaTeX Warning: Label `fig:histogram1' multiply defined.


LaTeX Warning: Label `fig:histogram1' multiply defined.


LaTeX Warning: Label `fig:histogram1' multiply defined.


LaTeX Warning: Label `fig:uniform1' multiply defined.


LaTeX Warning: Label `fig:gaussian1' multiply defined.


LaTeX Warning: Label `fig:exponential1' multiply defined.


LaTeX Warning: Label `fig:random' multiply defined.


LaTeX Warning: Label `fig:random' multiply defined.


LaTeX Warning: Label `fig:random' multiply defined.

)
\openout1 = `probability.aux'.

LaTeX Font Info:    Checking defaults for OML/cmm/m/it on input line 24.
LaTeX Font Info:    ... okay on input line 24.
LaTeX Font Info:    Checking defaults for OMS/cmsy/m/n on input line 24.
LaTeX Font Info:    ... okay on input line 24.
LaTeX Font Info:    Checking defaults for OT1/cmr/m/n on input line 24.
LaTeX Font Info:    ... okay on input line 24.
LaTeX Font Info:    Checking defaults for T1/cmr/m/n on input line 24.
LaTeX Font Info:    ... okay on input line 24.
LaTeX Font Info:    Checking defaults for TS1/cmr/m/n on input line 24.
LaTeX Font Info:    ... okay on input line 24.
LaTeX Font Info:    Checking defaults for OMX/cmex/m/n on input line 24.
LaTeX Font Info:    ... okay on input line 24.
LaTeX Font Info:    Checking defaults for U/cmr/m/n on input line 24.
LaTeX Font Info:    ... okay on input line 24.
LaTeX Font Info:    Checking defaults for LGR/cmr/m/n on input line 24.
LaTeX Font Info:    ... okay on input line 24.
 (/usr/local/texlive/2024/texmf-dist/tex/context/base/mkii/supp-pdf.mkii
[Loading MPS to PDF converter (version 2006.09.02).]
\scratchcounter=\count289
\scratchdimen=\dimen162
\scratchbox=\box55
\nofMPsegments=\count290
\nofMParguments=\count291
\everyMPshowfont=\toks25
\MPscratchCnt=\count292
\MPscratchDim=\dimen163
\MPnumerator=\count293
\makeMPintoPDFobject=\count294
\everyMPtoPDFconversion=\toks26
) (/usr/local/texlive/2024/texmf-dist/tex/latex/epstopdf-pkg/epstopdf-base.sty
Package: epstopdf-base 2020-01-24 v2.11 Base part for package epstopdf

(/usr/local/texlive/2024/texmf-dist/tex/generic/infwarerr/infwarerr.sty
Package: infwarerr 2019/12/03 v1.5 Providing info/warning/error messages (HO)
)
(/usr/local/texlive/2024/texmf-dist/tex/latex/grfext/grfext.sty
Package: grfext 2019/12/03 v1.3 Manage graphics extensions (HO)

(/usr/local/texlive/2024/texmf-dist/tex/generic/kvdefinekeys/kvdefinekeys.sty
Package: kvdefinekeys 2019-12-19 v1.6 Define keys (HO)
)) (/usr/local/texlive/2024/texmf-dist/tex/latex/kvoptions/kvoptions.sty
Package: kvoptions 2022-06-15 v3.15 Key value format for package options (HO)

(/usr/local/texlive/2024/texmf-dist/tex/generic/ltxcmds/ltxcmds.sty
Package: ltxcmds 2023-12-04 v1.26 LaTeX kernel commands for general use (HO)
)
(/usr/local/texlive/2024/texmf-dist/tex/latex/kvsetkeys/kvsetkeys.sty
Package: kvsetkeys 2022-10-05 v1.19 Key value parser (HO)
))
(/usr/local/texlive/2024/texmf-dist/tex/generic/pdftexcmds/pdftexcmds.sty
Package: pdftexcmds 2020-06-27 v0.33 Utility functions of pdfTeX for LuaTeX (HO
)
Package pdftexcmds Info: \pdf@primitive is available.
Package pdftexcmds Info: \pdf@ifprimitive is available.
Package pdftexcmds Info: \pdfdraftmode found.
)
Package epstopdf-base Info: Redefining graphics rule for `.eps' on input line 4
85.
Package grfext Info: Graphics extension search list:
(grfext)             [.pdf,.png,.jpg,.mps,.jpeg,.jbig2,.jb2,.PDF,.PNG,.JPG,.JPE
G,.JBIG2,.JB2,.eps]
(grfext)             \AppendGraphicsExtensions on input line 504.

(/usr/local/texlive/2024/texmf-dist/tex/latex/latexconfig/epstopdf-sys.cfg
File: epstopdf-sys.cfg 2010/07/13 v1.3 Configuration of (r)epstopdf for TeX Liv
e
))
*geometry* driver: auto-detecting
*geometry* detected driver: pdftex
*geometry* verbose mode - [ preamble ] result:
* driver: pdftex
* paper: <default>
* layout: <same size as paper>
* layoutoffset:(h,v)=(0.0pt,0.0pt)
* modes: twoside 
* h-part:(L,W,R)=(72.26999pt, 469.75502pt, 72.26999pt)
* v-part:(T,H,B)=(72.26999pt, 650.43001pt, 72.26999pt)
* \paperwidth=614.295pt
* \paperheight=794.96999pt
* \textwidth=469.75502pt
* \textheight=650.43001pt
* \oddsidemargin=0.0pt
* \evensidemargin=0.0pt
* \topmargin=-30.06749pt
* \headheight=12.0pt
* \headsep=18.06749pt
* \topskip=10.0pt
* \footskip=25.29494pt
* \marginparwidth=125.0pt
* \marginparsep=7.0pt
* \columnsep=10.0pt
* \skip\footins=9.0pt plus 4.0pt minus 2.0pt
* \hoffset=0.0pt
* \voffset=0.0pt
* \mag=1000
* \@twocolumnfalse
* \@twosidetrue
* \@mparswitchtrue
* \@reversemarginfalse
* (1in=72.27pt=25.4mm, 1cm=28.453pt)

<figures/frontpage/icl_logo.jpeg, id=1, 461.725pt x 225.84375pt>
File: figures/frontpage/icl_logo.jpeg Graphic file (type jpg)
<use figures/frontpage/icl_logo.jpeg>
Package pdftex.def Info: figures/frontpage/icl_logo.jpeg  used on input line 32
.
(pdftex.def)             Requested size: 234.8775pt x 114.88586pt.
[1



{/usr/local/texlive/2024/texmf-var/fonts/map/pdftex/updmap/pdftex.map} <./figur
es/frontpage/icl_logo.jpeg>] [2

] (./probability.toc
LaTeX Font Info:    Trying to load font information for U+msa on input line 6.

(/usr/local/texlive/2024/texmf-dist/tex/latex/amsfonts/umsa.fd
File: umsa.fd 2013/01/14 v3.01 AMS symbols A
)
LaTeX Font Info:    Trying to load font information for U+msb on input line 6.

(/usr/local/texlive/2024/texmf-dist/tex/latex/amsfonts/umsb.fd
File: umsb.fd 2013/01/14 v3.01 AMS symbols B
) [3])
\tf@toc=\write3
\openout3 = `probability.toc'.

 [4]
No file probability.ind.
[1



] [2{/usr/local/texlive/2024/texmf-dist/fonts/enc/dvips/cm-super/cm-super-ts1.e
nc}] [3] [4

]
Chapter 1.

Underfull \hbox (badness 10000) in paragraph at lines 144--146

 []


Underfull \hbox (badness 10000) in paragraph at lines 149--150

 []


Underfull \hbox (badness 10000) in paragraph at lines 151--152

 []

[5] [6]
Underfull \hbox (badness 10000) in paragraph at lines 243--244

 []

<figures/chapter1/mean_std_hist.png, id=47, 498.4221pt x 317.5062pt>
File: figures/chapter1/mean_std_hist.png Graphic file (type png)
<use figures/chapter1/mean_std_hist.png>
Package pdftex.def Info: figures/chapter1/mean_std_hist.png  used on input line
 253.
(pdftex.def)             Requested size: 281.85587pt x 179.5512pt.
<figures/chapter1/measurements_histogram.png, id=49, 498.9039pt x 317.988pt>
File: figures/chapter1/measurements_histogram.png Graphic file (type png)
<use figures/chapter1/measurements_histogram.png>
Package pdftex.def Info: figures/chapter1/measurements_histogram.png  used on i
nput line 260.
(pdftex.def)             Requested size: 281.85587pt x 179.65384pt.
<figures/chapter1/mean_std_violin.png, id=50, 498.4221pt x 316.5426pt>
File: figures/chapter1/mean_std_violin.png Graphic file (type png)
<use figures/chapter1/mean_std_violin.png>
Package pdftex.def Info: figures/chapter1/mean_std_violin.png  used on input li
ne 269.
(pdftex.def)             Requested size: 281.85587pt x 179.00629pt.
<figures/chapter1/mean_std_box.png, id=51, 498.4221pt x 316.5426pt>
File: figures/chapter1/mean_std_box.png Graphic file (type png)
<use figures/chapter1/mean_std_box.png>
Package pdftex.def Info: figures/chapter1/mean_std_box.png  used on input line 
276.
(pdftex.def)             Requested size: 281.85587pt x 179.00629pt.
<figures/chapter1/measurements_boxplot.png, id=52, 498.9039pt x 317.7471pt>
File: figures/chapter1/measurements_boxplot.png Graphic file (type png)
<use figures/chapter1/measurements_boxplot.png>
Package pdftex.def Info: figures/chapter1/measurements_boxplot.png  used on inp
ut line 283.
(pdftex.def)             Requested size: 281.85587pt x 179.51773pt.
<figures/chapter1/measurements_violin.png, id=53, 498.9039pt x 317.7471pt>
File: figures/chapter1/measurements_violin.png Graphic file (type png)
<use figures/chapter1/measurements_violin.png>
Package pdftex.def Info: figures/chapter1/measurements_violin.png  used on inpu
t line 290.
(pdftex.def)             Requested size: 281.85587pt x 179.51773pt.

Underfull \hbox (badness 10000) in paragraph at lines 297--298

 []


Underfull \hbox (badness 10000) in paragraph at lines 299--300

 []


Underfull \hbox (badness 10000) in paragraph at lines 301--302

 []

[7] [8 <./figures/chapter1/mean_std_hist.png>] [9 <./figures/chapter1/measureme
nts_histogram.png> <./figures/chapter1/mean_std_violin.png>] [10 <./figures/cha
pter1/mean_std_box.png> <./figures/chapter1/measurements_boxplot.png>] [11 <./f
igures/chapter1/measurements_violin.png>] [12

]
Chapter 2.

Underfull \hbox (badness 10000) in paragraph at lines 328--329

 []

[13]
Underfull \hbox (badness 10000) in paragraph at lines 338--339

 []


Underfull \hbox (badness 10000) in paragraph at lines 350--351

 []


Underfull \hbox (badness 10000) in paragraph at lines 352--353

 []

[14]
Underfull \hbox (badness 10000) in paragraph at lines 385--386

 []


Underfull \hbox (badness 10000) in paragraph at lines 393--394

 []

[15]
Underfull \hbox (badness 10000) in paragraph at lines 418--419

 []

<figures/chapter2/bernoulli_1.png, id=91, 497.2176pt x 317.988pt>
File: figures/chapter2/bernoulli_1.png Graphic file (type png)
<use figures/chapter2/bernoulli_1.png>
Package pdftex.def Info: figures/chapter2/bernoulli_1.png  used on input line 4
42.
(pdftex.def)             Requested size: 328.82707pt x 210.30455pt.
<figures/chapter2/bernoulli_2.png, id=92, 497.2176pt x 317.988pt>
File: figures/chapter2/bernoulli_2.png Graphic file (type png)
<use figures/chapter2/bernoulli_2.png>
Package pdftex.def Info: figures/chapter2/bernoulli_2.png  used on input line 4
58.
(pdftex.def)             Requested size: 328.82707pt x 210.30455pt.

Underfull \hbox (badness 10000) in paragraph at lines 463--464

 []


Underfull \hbox (badness 10000) in paragraph at lines 465--466

 []


Underfull \hbox (badness 10000) in paragraph at lines 471--472

 []

[16]
Underfull \hbox (badness 10000) in paragraph at lines 477--479

 []


Underfull \hbox (badness 10000) in paragraph at lines 480--481

 []


Underfull \vbox (badness 1112) has occurred while \output is active []

 [17 <./figures/chapter2/bernoulli_1.png>]
<figures/chapter2/binomial_1.png, id=101, 497.4585pt x 317.5062pt>
File: figures/chapter2/binomial_1.png Graphic file (type png)
<use figures/chapter2/binomial_1.png>
Package pdftex.def Info: figures/chapter2/binomial_1.png  used on input line 50
4.
(pdftex.def)             Requested size: 328.82707pt x 209.88417pt.

Underfull \hbox (badness 10000) in paragraph at lines 513--515

 []

[18 <./figures/chapter2/bernoulli_2.png>]
<figures/chapter2/poisson_1.png, id=106, 497.4585pt x 317.7471pt>
File: figures/chapter2/poisson_1.png Graphic file (type png)
<use figures/chapter2/poisson_1.png>
Package pdftex.def Info: figures/chapter2/poisson_1.png  used on input line 524
.
(pdftex.def)             Requested size: 328.82707pt x 210.04341pt.

Underfull \hbox (badness 10000) in paragraph at lines 532--533

 []


Underfull \hbox (badness 10000) in paragraph at lines 538--539

 []

[19 <./figures/chapter2/binomial_1.png>]
Underfull \hbox (badness 10000) in paragraph at lines 545--546

 []


Underfull \hbox (badness 10000) in paragraph at lines 547--548

 []


Underfull \hbox (badness 10000) in paragraph at lines 561--562

 []

[20 <./figures/chapter2/poisson_1.png>]
Underfull \hbox (badness 10000) in paragraph at lines 581--582

 []

<figures/chapter2/uniform_1.png, id=115, 498.663pt x 317.0244pt>
File: figures/chapter2/uniform_1.png Graphic file (type png)
<use figures/chapter2/uniform_1.png>
Package pdftex.def Info: figures/chapter2/uniform_1.png  used on input line 591
.
(pdftex.def)             Requested size: 328.82707pt x 209.05292pt.
<figures/chapter2/uniform_2.png, id=116, 498.663pt x 317.0244pt>
File: figures/chapter2/uniform_2.png Graphic file (type png)
<use figures/chapter2/uniform_2.png>
Package pdftex.def Info: figures/chapter2/uniform_2.png  used on input line 598
.
(pdftex.def)             Requested size: 328.82707pt x 209.05292pt.
[21 <./figures/chapter2/uniform_1.png>]
Underfull \hbox (badness 10000) in paragraph at lines 606--607

 []

<figures/chapter2/gaussian_1.png, id=122, 498.663pt x 317.0244pt>
File: figures/chapter2/gaussian_1.png Graphic file (type png)
<use figures/chapter2/gaussian_1.png>
Package pdftex.def Info: figures/chapter2/gaussian_1.png  used on input line 61
5.
(pdftex.def)             Requested size: 328.82707pt x 209.05292pt.
<figures/chapter2/gaussian_2.png, id=123, 498.663pt x 317.0244pt>
File: figures/chapter2/gaussian_2.png Graphic file (type png)
<use figures/chapter2/gaussian_2.png>
Package pdftex.def Info: figures/chapter2/gaussian_2.png  used on input line 62
2.
(pdftex.def)             Requested size: 328.82707pt x 209.05292pt.
[22 <./figures/chapter2/uniform_2.png> <./figures/chapter2/gaussian_1.png>]
Underfull \hbox (badness 10000) in paragraph at lines 630--631

 []

<figures/chapter2/exponential_1.png, id=132, 498.663pt x 317.0244pt>
File: figures/chapter2/exponential_1.png Graphic file (type png)
<use figures/chapter2/exponential_1.png>
Package pdftex.def Info: figures/chapter2/exponential_1.png  used on input line
 639.
(pdftex.def)             Requested size: 328.82707pt x 209.05292pt.
<figures/chapter2/exponential_2.png, id=133, 498.663pt x 317.0244pt>
File: figures/chapter2/exponential_2.png Graphic file (type png)
<use figures/chapter2/exponential_2.png>
Package pdftex.def Info: figures/chapter2/exponential_2.png  used on input line
 646.
(pdftex.def)             Requested size: 328.82707pt x 209.05292pt.
[23 <./figures/chapter2/gaussian_2.png> <./figures/chapter2/exponential_1.png>]

Underfull \hbox (badness 10000) in paragraph at lines 655--656

 []


Underfull \hbox (badness 10000) in paragraph at lines 657--658

 []


Underfull \hbox (badness 10000) in paragraph at lines 659--660

 []

[24 <./figures/chapter2/exponential_2.png>]
Underfull \hbox (badness 10000) in paragraph at lines 665--666

 []


Underfull \hbox (badness 10000) in paragraph at lines 667--668

 []


Underfull \hbox (badness 10000) in paragraph at lines 669--670

 []

[25] [26

]
Chapter 3.

Underfull \hbox (badness 10000) in paragraph at lines 681--682

 []


Underfull \hbox (badness 10000) in paragraph at lines 683--684

 []


Underfull \hbox (badness 10000) in paragraph at lines 687--688

 []


Underfull \hbox (badness 10000) in paragraph at lines 689--690

 []

[27]
Underfull \hbox (badness 10000) in paragraph at lines 696--698

 []

[28] [29]
File: figures/chapter2/gaussian_2.png Graphic file (type png)
<use figures/chapter2/gaussian_2.png>
Package pdftex.def Info: figures/chapter2/gaussian_2.png  used on input line 77
6.
(pdftex.def)             Requested size: 328.82707pt x 209.05292pt.
 [30]
<figures/chapter3/clt_1.png, id=162, 498.9039pt x 317.988pt>
File: figures/chapter3/clt_1.png Graphic file (type png)
<use figures/chapter3/clt_1.png>
Package pdftex.def Info: figures/chapter3/clt_1.png  used on input line 801.
(pdftex.def)             Requested size: 281.85587pt x 179.65384pt.
 [31 <./figures/chapter3/clt_1.png>]
<figures/chapter3/clt_2.png, id=167, 498.9039pt x 317.988pt>
File: figures/chapter3/clt_2.png Graphic file (type png)
<use figures/chapter3/clt_2.png>
Package pdftex.def Info: figures/chapter3/clt_2.png  used on input line 834.
(pdftex.def)             Requested size: 281.85587pt x 179.65384pt.
 [32 <./figures/chapter3/clt_2.png>]
<figures/chapter3/clt_3.png, id=172, 498.9039pt x 317.7471pt>
File: figures/chapter3/clt_3.png Graphic file (type png)
<use figures/chapter3/clt_3.png>
Package pdftex.def Info: figures/chapter3/clt_3.png  used on input line 872.
(pdftex.def)             Requested size: 281.85587pt x 179.51773pt.
 [33 <./figures/chapter3/clt_3.png>] [34] [35]
Underfull \hbox (badness 10000) in paragraph at lines 984--985

 []

[36]
Underfull \hbox (badness 10000) in paragraph at lines 1060--1062

 []

[37]
Underfull \hbox (badness 10000) in paragraph at lines 1077--1078

 []


Underfull \hbox (badness 10000) in paragraph at lines 1079--1080

 []


Underfull \hbox (badness 10000) in paragraph at lines 1081--1082

 []

[38]
Underfull \hbox (badness 10000) in paragraph at lines 1087--1088

 []


Underfull \hbox (badness 10000) in paragraph at lines 1089--1090

 []


Underfull \hbox (badness 10000) in paragraph at lines 1091--1092

 []

[39] [40

]
Chapter 4.

Underfull \hbox (badness 10000) in paragraph at lines 1102--1103

 []


Underfull \hbox (badness 10000) in paragraph at lines 1104--1105

 []

<figures/chapter4/probability_vs_statistics.png, id=200, 508.5399pt x 216.81pt>

File: figures/chapter4/probability_vs_statistics.png Graphic file (type png)
<use figures/chapter4/probability_vs_statistics.png>
Package pdftex.def Info: figures/chapter4/probability_vs_statistics.png  used o
n input line 1108.
(pdftex.def)             Requested size: 281.85587pt x 120.16556pt.

Underfull \hbox (badness 10000) in paragraph at lines 1113--1114

 []

[41 <./figures/chapter4/probability_vs_statistics.png>]
Underfull \hbox (badness 10000) in paragraph at lines 1115--1116

 []


Underfull \hbox (badness 10000) in paragraph at lines 1117--1118

 []


Underfull \hbox (badness 10000) in paragraph at lines 1119--1120

 []


Underfull \hbox (badness 10000) in paragraph at lines 1126--1127

 []

[42]
Underfull \hbox (badness 10000) in paragraph at lines 1138--1139

 []


Underfull \hbox (badness 10000) in paragraph at lines 1161--1162

 []


Underfull \hbox (badness 10000) in paragraph at lines 1163--1164

 []


Underfull \hbox (badness 10000) in paragraph at lines 1165--1166

 []

[43] [44]
Underfull \hbox (badness 10000) in paragraph at lines 1179--1180

 []


Underfull \hbox (badness 10000) in paragraph at lines 1181--1182

 []


Underfull \hbox (badness 10000) in paragraph at lines 1183--1184

 []

<figures/chapter4/t_test_1_sample_p_one_tailed.png, id=214, 498.1812pt x 317.02
44pt>
File: figures/chapter4/t_test_1_sample_p_one_tailed.png Graphic file (type png)

<use figures/chapter4/t_test_1_sample_p_one_tailed.png>
Package pdftex.def Info: figures/chapter4/t_test_1_sample_p_one_tailed.png  use
d on input line 1187.
(pdftex.def)             Requested size: 328.82707pt x 209.26093pt.
[45 <./figures/chapter4/t_test_1_sample_p_one_tailed.png>]
Underfull \hbox (badness 10000) in paragraph at lines 1197--1198

 []


Underfull \hbox (badness 10000) in paragraph at lines 1206--1207

 []

[46]
Underfull \hbox (badness 10000) in paragraph at lines 1229--1230

 []


Underfull \hbox (badness 10000) in paragraph at lines 1231--1232

 []


Underfull \hbox (badness 10000) in paragraph at lines 1233--1234

 []

<figures/chapter4/t_test_1_sample_p_two_tailed.png, id=224, 498.1812pt x 317.02
44pt>
File: figures/chapter4/t_test_1_sample_p_two_tailed.png Graphic file (type png)

<use figures/chapter4/t_test_1_sample_p_two_tailed.png>
Package pdftex.def Info: figures/chapter4/t_test_1_sample_p_two_tailed.png  use
d on input line 1237.
(pdftex.def)             Requested size: 328.82707pt x 209.26093pt.

Underfull \hbox (badness 10000) in paragraph at lines 1245--1247

 []

[47 <./figures/chapter4/t_test_1_sample_p_two_tailed.png>]
<figures/chapter4/t_distribution.png, id=229, 498.1812pt x 317.0244pt>
File: figures/chapter4/t_distribution.png Graphic file (type png)
<use figures/chapter4/t_distribution.png>
Package pdftex.def Info: figures/chapter4/t_distribution.png  used on input lin
e 1275.
(pdftex.def)             Requested size: 328.82707pt x 209.26093pt.
 [48 <./figures/chapter4/t_distribution.png>]
Underfull \hbox (badness 10000) in paragraph at lines 1284--1285

 []


Underfull \hbox (badness 10000) in paragraph at lines 1286--1287

 []


Underfull \hbox (badness 10000) in paragraph at lines 1288--1289

 []

<figures/chapter4/f_test_one_tailed.png, id=234, 498.1812pt x 317.0244pt>
File: figures/chapter4/f_test_one_tailed.png Graphic file (type png)
<use figures/chapter4/f_test_one_tailed.png>
Package pdftex.def Info: figures/chapter4/f_test_one_tailed.png  used on input 
line 1292.
(pdftex.def)             Requested size: 328.82707pt x 209.26093pt.

Underfull \hbox (badness 10000) in paragraph at lines 1297--1298

 []

[49 <./figures/chapter4/f_test_one_tailed.png>]
Underfull \hbox (badness 10000) in paragraph at lines 1304--1305

 []

[50]
Underfull \hbox (badness 10000) in paragraph at lines 1344--1346

 []


Underfull \hbox (badness 10000) in paragraph at lines 1347--1348

 []


Underfull \hbox (badness 10000) in paragraph at lines 1349--1350

 []

<figures/chapter4/f_test_two_tailed.png, id=242, 498.1812pt x 317.0244pt>
File: figures/chapter4/f_test_two_tailed.png Graphic file (type png)
<use figures/chapter4/f_test_two_tailed.png>
Package pdftex.def Info: figures/chapter4/f_test_two_tailed.png  used on input 
line 1353.
(pdftex.def)             Requested size: 328.82707pt x 209.26093pt.

Underfull \hbox (badness 10000) in paragraph at lines 1361--1363

 []

[51 <./figures/chapter4/f_test_two_tailed.png>]
<figures/chapter4/f_distribution.png, id=248, 498.1812pt x 317.0244pt>
File: figures/chapter4/f_distribution.png Graphic file (type png)
<use figures/chapter4/f_distribution.png>
Package pdftex.def Info: figures/chapter4/f_distribution.png  used on input lin
e 1406.
(pdftex.def)             Requested size: 328.82707pt x 209.26093pt.
 [52]
Underfull \hbox (badness 10000) in paragraph at lines 1415--1416

 []


Underfull \hbox (badness 10000) in paragraph at lines 1417--1418

 []


Underfull \hbox (badness 10000) in paragraph at lines 1419--1420

 []

<figures/chapter4/chi2_test_one_tailed.png, id=252, 497.9403pt x 316.5426pt>
File: figures/chapter4/chi2_test_one_tailed.png Graphic file (type png)
<use figures/chapter4/chi2_test_one_tailed.png>
Package pdftex.def Info: figures/chapter4/chi2_test_one_tailed.png  used on inp
ut line 1423.
(pdftex.def)             Requested size: 328.82707pt x 209.03468pt.

Underfull \hbox (badness 10000) in paragraph at lines 1431--1433

 []

<figures/chapter4/chi2_test_two_tailed.png, id=253, 497.9403pt x 316.5426pt>
File: figures/chapter4/chi2_test_two_tailed.png Graphic file (type png)
<use figures/chapter4/chi2_test_two_tailed.png>
Package pdftex.def Info: figures/chapter4/chi2_test_two_tailed.png  used on inp
ut line 1436.
(pdftex.def)             Requested size: 328.82707pt x 209.03468pt.
[53 <./figures/chapter4/f_distribution.png>]
<figures/chapter4/chi2_distribution.png, id=260, 497.9403pt x 316.5426pt>
File: figures/chapter4/chi2_distribution.png Graphic file (type png)
<use figures/chapter4/chi2_distribution.png>
Package pdftex.def Info: figures/chapter4/chi2_distribution.png  used on input 
line 1467.
(pdftex.def)             Requested size: 328.82707pt x 209.03468pt.
 [54 <./figures/chapter4/chi2_test_one_tailed.png>] [55 <./figures/chapter4/chi
2_test_two_tailed.png>] [56 <./figures/chapter4/chi2_distribution.png>] [57]
Underfull \hbox (badness 10000) in paragraph at lines 1512--1513

 []


Underfull \hbox (badness 10000) in paragraph at lines 1514--1515

 []


Underfull \hbox (badness 10000) in paragraph at lines 1516--1517

 []

[58]
Underfull \hbox (badness 10000) in paragraph at lines 1522--1523

 []


Underfull \hbox (badness 10000) in paragraph at lines 1524--1525

 []


Underfull \hbox (badness 10000) in paragraph at lines 1526--1527

 []

[59] [60

]
Chapter 5.

Underfull \hbox (badness 10000) in paragraph at lines 1543--1544

 []


Underfull \hbox (badness 10000) in paragraph at lines 1545--1546

 []


Underfull \hbox (badness 10000) in paragraph at lines 1547--1548

 []

[61]
Underfull \hbox (badness 10000) in paragraph at lines 1549--1550

 []

[62]
Underfull \hbox (badness 10000) in paragraph at lines 1555--1556

 []


Underfull \hbox (badness 10000) in paragraph at lines 1571--1572

 []


Underfull \hbox (badness 10000) in paragraph at lines 1592--1593

 []

[63]
Underfull \hbox (badness 10000) in paragraph at lines 1611--1612

 []

[64] [65]
Underfull \hbox (badness 10000) in paragraph at lines 1632--1633

 []


Underfull \hbox (badness 10000) in paragraph at lines 1634--1635

 []


Underfull \hbox (badness 10000) in paragraph at lines 1636--1637

 []

[66]
Underfull \hbox (badness 10000) in paragraph at lines 1642--1643

 []


Underfull \hbox (badness 10000) in paragraph at lines 1644--1645

 []


Underfull \hbox (badness 10000) in paragraph at lines 1646--1647

 []


Underfull \hbox (badness 10000) in paragraph at lines 1650--1651

 []


Underfull \hbox (badness 10000) in paragraph at lines 1652--1653

 []


Underfull \hbox (badness 10000) in paragraph at lines 1654--1655

 []


Underfull \hbox (badness 10000) in paragraph at lines 1656--1657

 []


Underfull \hbox (badness 10000) in paragraph at lines 1658--1659

 []


Underfull \hbox (badness 10000) in paragraph at lines 1660--1661

 []


Underfull \hbox (badness 10000) in paragraph at lines 1662--1663

 []

[67]
Underfull \hbox (badness 10000) in paragraph at lines 1712--1713

 []


Underfull \hbox (badness 10000) in paragraph at lines 1714--1715

 []

[68]
Underfull \hbox (badness 10000) in paragraph at lines 1728--1729

 []


Underfull \hbox (badness 10000) in paragraph at lines 1730--1731

 []


Underfull \hbox (badness 10000) in paragraph at lines 1732--1733

 []

[69]
Underfull \hbox (badness 10000) in paragraph at lines 1738--1739

 []


Underfull \hbox (badness 10000) in paragraph at lines 1740--1741

 []


Underfull \hbox (badness 10000) in paragraph at lines 1742--1743

 []

[70]
Appendix A.

Underfull \hbox (badness 10000) in paragraph at lines 1756--1757

 []


Underfull \hbox (badness 10000) in paragraph at lines 1760--1761

 []


Underfull \hbox (badness 10000) in paragraph at lines 1764--1765

 []

[71

] [72]
Underfull \hbox (badness 10000) in paragraph at lines 1816--1817

 []


Underfull \hbox (badness 10000) in paragraph at lines 1823--1825

 []

[73] [74]
Appendix B.

Underfull \hbox (badness 10000) in paragraph at lines 1865--1866

 []


Underfull \hbox (badness 10000) in paragraph at lines 1867--1868

 []


Underfull \hbox (badness 10000) in paragraph at lines 1869--1870

 []


Underfull \hbox (badness 10000) in paragraph at lines 1871--1872

 []

[75

]
Underfull \hbox (badness 10000) in paragraph at lines 1873--1874

 []


Underfull \hbox (badness 10000) in paragraph at lines 1875--1876

 []

<figures/appendix/functions_point_1.png, id=334, 499.6266pt x 316.7835pt>
File: figures/appendix/functions_point_1.png Graphic file (type png)
<use figures/appendix/functions_point_1.png>
Package pdftex.def Info: figures/appendix/functions_point_1.png  used on input 
line 1879.
(pdftex.def)             Requested size: 328.82707pt x 208.48804pt.

Underfull \hbox (badness 10000) in paragraph at lines 1884--1885

 []


Underfull \vbox (badness 10000) has occurred while \output is active []

 [76 <./figures/appendix/functions_point_1.png>]
<figures/appendix/functions_point_2.png, id=339, 498.663pt x 315.8199pt>
File: figures/appendix/functions_point_2.png Graphic file (type png)
<use figures/appendix/functions_point_2.png>
Package pdftex.def Info: figures/appendix/functions_point_2.png  used on input 
line 1892.
(pdftex.def)             Requested size: 328.82707pt x 208.25865pt.
<figures/appendix/functions_point_2_shadow.png, id=340, 498.663pt x 315.8199pt>

File: figures/appendix/functions_point_2_shadow.png Graphic file (type png)
<use figures/appendix/functions_point_2_shadow.png>
Package pdftex.def Info: figures/appendix/functions_point_2_shadow.png  used on
 input line 1915.
(pdftex.def)             Requested size: 328.82707pt x 208.25865pt.
 [77 <./figures/appendix/functions_point_2.png>]
Underfull \hbox (badness 10000) in paragraph at lines 1926--1927

 []


Underfull \hbox (badness 10000) in paragraph at lines 1928--1929

 []


Underfull \hbox (badness 10000) in paragraph at lines 1943--1944

 []

[78 <./figures/appendix/functions_point_2_shadow.png>] [79] [80

]
Appendix C.

Underfull \hbox (badness 10000) in paragraph at lines 1954--1955

 []


Underfull \hbox (badness 10000) in paragraph at lines 1956--1957

 []


Underfull \hbox (badness 10000) in paragraph at lines 1958--1959

 []


Underfull \hbox (badness 10000) in paragraph at lines 1968--1969

 []


Underfull \hbox (badness 10000) in paragraph at lines 1970--1971

 []

<figures/appendix/integrals_1.png, id=355, 499.6266pt x 316.7835pt>
File: figures/appendix/integrals_1.png Graphic file (type png)
<use figures/appendix/integrals_1.png>
Package pdftex.def Info: figures/appendix/integrals_1.png  used on input line 1
974.
(pdftex.def)             Requested size: 328.82707pt x 208.48804pt.
<figures/appendix/integrals_2.png, id=356, 498.9039pt x 315.8199pt>
File: figures/appendix/integrals_2.png Graphic file (type png)
<use figures/appendix/integrals_2.png>
Package pdftex.def Info: figures/appendix/integrals_2.png  used on input line 1
981.
(pdftex.def)             Requested size: 328.82707pt x 208.16708pt.
<figures/appendix/integrals_2_subdivisions.png, id=357, 498.663pt x 316.5426pt>

File: figures/appendix/integrals_2_subdivisions.png Graphic file (type png)
<use figures/appendix/integrals_2_subdivisions.png>
Package pdftex.def Info: figures/appendix/integrals_2_subdivisions.png  used on
 input line 1988.
(pdftex.def)             Requested size: 328.82707pt x 208.73521pt.
[81]
<figures/appendix/integrals_3_riemann.png, id=362, 498.663pt x 315.8199pt>
File: figures/appendix/integrals_3_riemann.png Graphic file (type png)
<use figures/appendix/integrals_3_riemann.png>
Package pdftex.def Info: figures/appendix/integrals_3_riemann.png  used on inpu
t line 1996.
(pdftex.def)             Requested size: 328.82707pt x 208.25865pt.

Underfull \hbox (badness 10000) in paragraph at lines 2001--2002

 []


Underfull \hbox (badness 10000) in paragraph at lines 2003--2004

 []


Underfull \hbox (badness 10000) in paragraph at lines 2005--2006

 []


Underfull \vbox (badness 1635) has occurred while \output is active []

 [82 <./figures/appendix/integrals_1.png>] [83 <./figures/appendix/integrals_2.
png>]
[84 <./figures/appendix/integrals_2_subdivisions.png>] [85 <./figures/appendix/
integrals_3_riemann.png>] [86

] [87

] [88] (./probability.aux)
 ***********
LaTeX2e <2023-11-01> patch level 1
L3 programming layer <2024-02-20>
 ***********


LaTeX Warning: There were multiply-defined labels.

 ) 
Here is how much of TeX's memory you used:
 7287 strings out of 474116
 126271 string characters out of 5743681
 1945187 words of memory out of 5000000
 29530 multiletter control sequences out of 15000+600000
 569182 words of font info for 76 fonts, out of 8000000 for 9000
 1141 hyphenation exceptions out of 8191
 61i,12n,69p,1523b,412s stack positions out of 10000i,1000n,20000p,200000b,200000s
</usr/local/texlive/2024/texmf-dist/fonts/type1/public/amsfonts/cm/cmbx10.pfb
></usr/local/texlive/2024/texmf-dist/fonts/type1/public/amsfonts/cm/cmbx12.pfb>
</usr/local/texlive/2024/texmf-dist/fonts/type1/public/amsfonts/cm/cmex10.pfb><
/usr/local/texlive/2024/texmf-dist/fonts/type1/public/amsfonts/cm/cmmi10.pfb></
usr/local/texlive/2024/texmf-dist/fonts/type1/public/amsfonts/cm/cmmi12.pfb></u
sr/local/texlive/2024/texmf-dist/fonts/type1/public/amsfonts/cm/cmmi5.pfb></usr
/local/texlive/2024/texmf-dist/fonts/type1/public/amsfonts/cm/cmmi7.pfb></usr/l
ocal/texlive/2024/texmf-dist/fonts/type1/public/amsfonts/cm/cmr10.pfb></usr/loc
al/texlive/2024/texmf-dist/fonts/type1/public/amsfonts/cm/cmr12.pfb></usr/local
/texlive/2024/texmf-dist/fonts/type1/public/amsfonts/cm/cmr5.pfb></usr/local/te
xlive/2024/texmf-dist/fonts/type1/public/amsfonts/cm/cmr7.pfb></usr/local/texli
ve/2024/texmf-dist/fonts/type1/public/amsfonts/cm/cmr8.pfb></usr/local/texlive/
2024/texmf-dist/fonts/type1/public/amsfonts/cm/cmsl10.pfb></usr/local/texlive/2
024/texmf-dist/fonts/type1/public/amsfonts/cm/cmsy10.pfb></usr/local/texlive/20
24/texmf-dist/fonts/type1/public/amsfonts/cm/cmsy5.pfb></usr/local/texlive/2024
/texmf-dist/fonts/type1/public/amsfonts/cm/cmsy7.pfb></usr/local/texlive/2024/t
exmf-dist/fonts/type1/public/amsfonts/cm/cmti10.pfb></usr/local/texlive/2024/te
xmf-dist/fonts/type1/public/cbfonts/grmn1000.pfb></usr/local/texlive/2024/texmf
-dist/fonts/type1/public/amsfonts/symbols/msbm10.pfb></usr/local/texlive/2024/t
exmf-dist/fonts/type1/public/cm-super/sfrm1000.pfb>
Output written on probability.pdf (92 pages, 3484447 bytes).
PDF statistics:
 477 PDF objects out of 1000 (max. 8388607)
 267 compressed objects within 3 object streams
 0 named destinations out of 1000 (max. 500000)
 186 words of extra memory for PDF output out of 10000 (max. 10000000)

